<?xml version="1.0" encoding="UTF-8"?>
<testsuite name="TodoTest" tests="6" skipped="0" failures="0" errors="0" timestamp="2015-08-19T14:40:19" hostname="josss-MacBook-Pro.local" time="0.08">
  <properties/>
  <testcase name="find_returnsNullWhenNoTaskFound_null" classname="TodoTest" time="0.001"/>
  <testcase name="clear_emptiesAllTasksFromArrayList" classname="TodoTest" time="0.076"/>
  <testcase name="isCompleted_isFalseAfterInstantiation" classname="TodoTest" time="0.0"/>
  <testcase name="newTask_instantiatesCorrectly" classname="TodoTest" time="0.0"/>
  <testcase name="getCreatedAt_iinstantiatesWithCorrectTime" classname="TodoTest" time="0.0"/>
  <testcase name="newTask_instantiatesCorrectlyWithDescription" classname="TodoTest" time="0.001"/>
  <system-out><![CDATA[]]></system-out>
  <system-err><![CDATA[]]></system-err>
</testsuite>
