<?xml version="1.0" encoding="UTF-8"?>
<testsuite name="TodoTest" tests="2" skipped="0" failures="0" errors="0" timestamp="2015-08-18T14:59:26" hostname="josss-MacBook-Pro.local" time="0.0">
  <properties/>
  <testcase name="newTask_instantiatesCorrectly" classname="TodoTest" time="0.0"/>
  <testcase name="newTask_instantiatesCorrectlyWithDescription" classname="TodoTest" time="0.0"/>
  <system-out><![CDATA[]]></system-out>
  <system-err><![CDATA[]]></system-err>
</testsuite>
